<?xml version="1.0" encoding="UTF-8"?>
<testng-results ignored="0" total="1" passed="1" failed="0" skipped="0">
  <reporter-output>
  </reporter-output>
  <suite started-at="2024-03-28T18:00:31 IST" name="Surefire suite" finished-at="2024-03-28T18:00:32 IST" duration-ms="66">
    <groups>
    </groups>
    <test started-at="2024-03-28T18:00:31 IST" name="Surefire test" finished-at="2024-03-28T18:00:32 IST" duration-ms="66">
      <class name="jenkinsTest.jenkins.JenkinsTest">
        <test-method signature="testAddition()[pri:0, instance:jenkinsTest.jenkins.JenkinsTest@7920ba90]" started-at="2024-03-28T18:00:32 IST" name="testAddition" finished-at="2024-03-28T18:00:32 IST" duration-ms="8" status="PASS">
          <reporter-output>
          </reporter-output>
        </test-method> <!-- testAddition -->
      </class> <!-- jenkinsTest.jenkins.JenkinsTest -->
    </test> <!-- Surefire test -->
  </suite> <!-- Surefire suite -->
</testng-results>
